<?xml version="1.0" encoding="UTF-8"?>
<coverage generated="1656256143794" clover="3.2.0">
  <project timestamp="1656256143795" name="All files">
    <metrics statements="104" coveredstatements="73" conditionals="36" coveredconditionals="18" methods="38" coveredmethods="22" elements="178" coveredelements="113" complexity="0" loc="104" ncloc="104" packages="4" files="9" classes="9"/>
    <package name="backdrop_test">
      <metrics statements="41" coveredstatements="28" conditionals="14" coveredconditionals="4" methods="16" coveredmethods="9"/>
      <file name="App.tsx" path="C:\Users\SBNTOP\Downloads\backdrop_test\App.tsx">
        <metrics statements="41" coveredstatements="28" conditionals="14" coveredconditionals="4" methods="16" coveredmethods="9"/>
        <line num="15" count="1" type="stmt"/>
        <line num="17" count="1" type="stmt"/>
        <line num="18" count="4" type="stmt"/>
        <line num="19" count="3" type="stmt"/>
        <line num="20" count="3" type="stmt"/>
        <line num="22" count="3" type="stmt"/>
        <line num="23" count="1" type="stmt"/>
        <line num="24" count="1" type="cond" truecount="1" falsecount="1"/>
        <line num="28" count="3" type="stmt"/>
        <line num="29" count="0" type="stmt"/>
        <line num="32" count="3" type="stmt"/>
        <line num="33" count="0" type="stmt"/>
        <line num="36" count="3" type="stmt"/>
        <line num="37" count="0" type="stmt"/>
        <line num="38" count="0" type="stmt"/>
        <line num="39" count="0" type="cond" truecount="0" falsecount="2"/>
        <line num="41" count="0" type="stmt"/>
        <line num="45" count="3" type="stmt"/>
        <line num="47" count="0" type="stmt"/>
        <line num="48" count="0" type="stmt"/>
        <line num="49" count="0" type="cond" truecount="0" falsecount="2"/>
        <line num="51" count="0" type="stmt"/>
        <line num="55" count="3" type="stmt"/>
        <line num="56" count="1" type="stmt"/>
        <line num="57" count="1" type="stmt"/>
        <line num="58" count="1" type="stmt"/>
        <line num="59" count="1" type="cond" truecount="1" falsecount="1"/>
        <line num="60" count="0" type="stmt"/>
        <line num="61" count="0" type="stmt"/>
        <line num="63" count="1" type="stmt"/>
        <line num="68" count="3" type="cond" truecount="0" falsecount="2"/>
        <line num="70" count="3" type="stmt"/>
        <line num="71" count="1" type="stmt"/>
        <line num="72" count="1" type="stmt"/>
        <line num="79" count="3" type="stmt"/>
        <line num="85" count="3" type="stmt"/>
        <line num="95" count="3" type="cond" truecount="1" falsecount="1"/>
        <line num="98" count="6" type="stmt"/>
        <line num="105" count="0" type="stmt"/>
        <line num="113" count="3" type="cond" truecount="1" falsecount="1"/>
        <line num="118" count="6" type="stmt"/>
      </file>
    </package>
    <package name="backdrop_test.components">
      <metrics statements="15" coveredstatements="15" conditionals="8" coveredconditionals="6" methods="5" coveredmethods="5"/>
      <file name="BottomIcons.tsx" path="C:\Users\SBNTOP\Downloads\backdrop_test\components\BottomIcons.tsx">
        <metrics statements="4" coveredstatements="4" conditionals="4" coveredconditionals="4" methods="2" coveredmethods="2"/>
        <line num="4" count="1" type="stmt"/>
        <line num="5" count="6" type="stmt"/>
        <line num="15" count="1" type="stmt"/>
        <line num="16" count="6" type="stmt"/>
      </file>
      <file name="FavoriteIcon.tsx" path="C:\Users\SBNTOP\Downloads\backdrop_test\components\FavoriteIcon.tsx">
        <metrics statements="2" coveredstatements="2" conditionals="2" coveredconditionals="1" methods="1" coveredmethods="1"/>
        <line num="4" count="4" type="stmt"/>
        <line num="5" count="5" type="cond" truecount="1" falsecount="1"/>
      </file>
      <file name="ListItem.tsx" path="C:\Users\SBNTOP\Downloads\backdrop_test\components\ListItem.tsx">
        <metrics statements="3" coveredstatements="3" conditionals="2" coveredconditionals="1" methods="1" coveredmethods="1"/>
        <line num="10" count="3" type="stmt"/>
        <line num="11" count="1" type="stmt"/>
        <line num="27" count="3" type="stmt"/>
      </file>
      <file name="Status.tsx" path="C:\Users\SBNTOP\Downloads\backdrop_test\components\Status.tsx">
        <metrics statements="6" coveredstatements="6" conditionals="0" coveredconditionals="0" methods="1" coveredmethods="1"/>
        <line num="5" count="3" type="stmt"/>
        <line num="6" count="3" type="stmt"/>
        <line num="7" count="3" type="stmt"/>
        <line num="9" count="3" type="stmt"/>
        <line num="10" count="5" type="stmt"/>
        <line num="17" count="3" type="stmt"/>
      </file>
    </package>
    <package name="backdrop_test.misc">
      <metrics statements="32" coveredstatements="19" conditionals="6" coveredconditionals="1" methods="8" coveredmethods="4"/>
      <file name="apiAndStorage.ts" path="C:\Users\SBNTOP\Downloads\backdrop_test\misc\apiAndStorage.ts">
        <metrics statements="27" coveredstatements="14" conditionals="6" coveredconditionals="1" methods="6" coveredmethods="2"/>
        <line num="4" count="1" type="stmt"/>
        <line num="5" count="1" type="stmt"/>
        <line num="6" count="1" type="stmt"/>
        <line num="7" count="1" type="stmt"/>
        <line num="8" count="1" type="cond" truecount="1" falsecount="1"/>
        <line num="9" count="1" type="stmt"/>
        <line num="11" count="0" type="stmt"/>
        <line num="15" count="1" type="stmt"/>
        <line num="17" count="1" type="stmt"/>
        <line num="18" count="0" type="stmt"/>
        <line num="19" count="0" type="cond" truecount="0" falsecount="2"/>
        <line num="20" count="0" type="stmt"/>
        <line num="21" count="0" type="stmt"/>
        <line num="22" count="0" type="stmt"/>
        <line num="28" count="1" type="stmt"/>
        <line num="29" count="1" type="stmt"/>
        <line num="30" count="1" type="stmt"/>
        <line num="31" count="0" type="stmt"/>
        <line num="32" count="0" type="stmt"/>
        <line num="34" count="1" type="stmt"/>
        <line num="35" count="1" type="stmt"/>
        <line num="39" count="1" type="stmt"/>
        <line num="41" count="0" type="stmt"/>
        <line num="42" count="0" type="cond" truecount="0" falsecount="2"/>
        <line num="43" count="0" type="stmt"/>
        <line num="44" count="0" type="stmt"/>
        <line num="45" count="0" type="stmt"/>
      </file>
      <file name="functions.ts" path="C:\Users\SBNTOP\Downloads\backdrop_test\misc\functions.ts">
        <metrics statements="5" coveredstatements="5" conditionals="0" coveredconditionals="0" methods="2" coveredmethods="2"/>
        <line num="3" count="3" type="stmt"/>
        <line num="4" count="1" type="stmt"/>
        <line num="5" count="4" type="stmt"/>
        <line num="11" count="1" type="stmt"/>
        <line num="14" count="3" type="stmt"/>
      </file>
    </package>
    <package name="backdrop_test.src">
      <metrics statements="16" coveredstatements="11" conditionals="8" coveredconditionals="7" methods="9" coveredmethods="4"/>
      <file name="FavoritesScreen.tsx" path="C:\Users\SBNTOP\Downloads\backdrop_test\src\FavoritesScreen.tsx">
        <metrics statements="5" coveredstatements="4" conditionals="4" coveredconditionals="3" methods="3" coveredmethods="2"/>
        <line num="12" count="2" type="stmt"/>
        <line num="13" count="3" type="stmt"/>
        <line num="20" count="4" type="stmt"/>
        <line num="34" count="0" type="stmt"/>
        <line num="47" count="2" type="stmt"/>
      </file>
      <file name="HomeScreen.tsx" path="C:\Users\SBNTOP\Downloads\backdrop_test\src\HomeScreen.tsx">
        <metrics statements="11" coveredstatements="7" conditionals="4" coveredconditionals="4" methods="6" coveredmethods="2"/>
        <line num="14" count="2" type="stmt"/>
        <line num="16" count="4" type="stmt"/>
        <line num="17" count="0" type="stmt"/>
        <line num="19" count="0" type="stmt"/>
        <line num="24" count="4" type="stmt"/>
        <line num="29" count="0" type="stmt"/>
        <line num="30" count="0" type="stmt"/>
        <line num="32" count="4" type="cond" truecount="2" falsecount="0"/>
        <line num="38" count="2" type="cond" truecount="2" falsecount="0"/>
        <line num="42" count="1" type="stmt"/>
        <line num="49" count="2" type="stmt"/>
      </file>
    </package>
  </project>
</coverage>
