{"C:\\Users\\SBNTOP\\Downloads\\backdrop_test\\App.tsx": {"path":"C:\\Users\\SBNTOP\\Downloads\\backdrop_test\\App.tsx","statementMap":{"0":{"start":{"line":15,"column":12},"end":{"line":15,"column":38}},"1":{"start":{"line":17,"column":12},"end":{"line":125,"column":1}},"2":{"start":{"line":18,"column":46},"end":{"line":18,"column":69}},"3":{"start":{"line":19,"column":32},"end":{"line":19,"column":91}},"4":{"start":{"line":20,"column":36},"end":{"line":20,"column":59}},"5":{"start":{"line":22,"column":30},"end":{"line":25,"column":3}},"6":{"start":{"line":23,"column":19},"end":{"line":23,"column":35}},"7":{"start":{"line":24,"column":4},"end":{"line":24,"column":48}},"8":{"start":{"line":24,"column":25},"end":{"line":24,"column":48}},"9":{"start":{"line":28,"column":19},"end":{"line":30,"column":3}},"10":{"start":{"line":29,"column":4},"end":{"line":29,"column":64}},"11":{"start":{"line":29,"column":38},"end":{"line":29,"column":49}},"12":{"start":{"line":32,"column":23},"end":{"line":34,"column":3}},"13":{"start":{"line":33,"column":4},"end":{"line":33,"column":31}},"14":{"start":{"line":36,"column":32},"end":{"line":43,"column":3}},"15":{"start":{"line":37,"column":4},"end":{"line":42,"column":5}},"16":{"start":{"line":38,"column":21},"end":{"line":38,"column":62}},"17":{"start":{"line":39,"column":6},"end":{"line":39,"column":43}},"18":{"start":{"line":39,"column":20},"end":{"line":39,"column":43}},"19":{"start":{"line":41,"column":6},"end":{"line":41,"column":21}},"20":{"start":{"line":45,"column":27},"end":{"line":53,"column":3}},"21":{"start":{"line":47,"column":4},"end":{"line":52,"column":5}},"22":{"start":{"line":48,"column":21},"end":{"line":48,"column":61}},"23":{"start":{"line":49,"column":6},"end":{"line":49,"column":42}},"24":{"start":{"line":49,"column":20},"end":{"line":49,"column":42}},"25":{"start":{"line":51,"column":6},"end":{"line":51,"column":21}},"26":{"start":{"line":55,"column":21},"end":{"line":66,"column":3}},"27":{"start":{"line":56,"column":4},"end":{"line":65,"column":5}},"28":{"start":{"line":57,"column":6},"end":{"line":57,"column":28}},"29":{"start":{"line":58,"column":21},"end":{"line":58,"column":36}},"30":{"start":{"line":59,"column":6},"end":{"line":59,"column":57}},"31":{"start":{"line":59,"column":28},"end":{"line":59,"column":57}},"32":{"start":{"line":60,"column":6},"end":{"line":60,"column":34}},"33":{"start":{"line":61,"column":6},"end":{"line":61,"column":27}},"34":{"start":{"line":63,"column":6},"end":{"line":63,"column":27}},"35":{"start":{"line":68,"column":23},"end":{"line":68,"column":123}},"36":{"start":{"line":68,"column":44},"end":{"line":68,"column":121}},"37":{"start":{"line":70,"column":2},"end":{"line":75,"column":9}},"38":{"start":{"line":71,"column":4},"end":{"line":71,"column":17}},"39":{"start":{"line":72,"column":4},"end":{"line":72,"column":26}},"40":{"start":{"line":79,"column":2},"end":{"line":124,"column":4}},"41":{"start":{"line":85,"column":12},"end":{"line":91,"column":14}},"42":{"start":{"line":95,"column":14},"end":{"line":95,"column":81}},"43":{"start":{"line":98,"column":14},"end":{"line":98,"column":43}},"44":{"start":{"line":105,"column":12},"end":{"line":109,"column":14}},"45":{"start":{"line":113,"column":14},"end":{"line":115,"column":21}},"46":{"start":{"line":118,"column":14},"end":{"line":118,"column":45}}},"fnMap":{"0":{"name":"(anonymous_0)","decl":{"start":{"line":17,"column":12},"end":{"line":17,"column":13}},"loc":{"start":{"line":17,"column":18},"end":{"line":125,"column":1}},"line":17},"1":{"name":"(anonymous_1)","decl":{"start":{"line":22,"column":30},"end":{"line":22,"column":31}},"loc":{"start":{"line":22,"column":42},"end":{"line":25,"column":3}},"line":22},"2":{"name":"(anonymous_2)","decl":{"start":{"line":28,"column":19},"end":{"line":28,"column":20}},"loc":{"start":{"line":28,"column":35},"end":{"line":30,"column":3}},"line":28},"3":{"name":"(anonymous_3)","decl":{"start":{"line":29,"column":33},"end":{"line":29,"column":34}},"loc":{"start":{"line":29,"column":38},"end":{"line":29,"column":49}},"line":29},"4":{"name":"(anonymous_4)","decl":{"start":{"line":32,"column":23},"end":{"line":32,"column":24}},"loc":{"start":{"line":32,"column":35},"end":{"line":34,"column":3}},"line":32},"5":{"name":"(anonymous_5)","decl":{"start":{"line":36,"column":32},"end":{"line":36,"column":33}},"loc":{"start":{"line":36,"column":54},"end":{"line":43,"column":3}},"line":36},"6":{"name":"(anonymous_6)","decl":{"start":{"line":45,"column":27},"end":{"line":45,"column":28}},"loc":{"start":{"line":45,"column":52},"end":{"line":53,"column":3}},"line":45},"7":{"name":"(anonymous_7)","decl":{"start":{"line":55,"column":21},"end":{"line":55,"column":22}},"loc":{"start":{"line":55,"column":33},"end":{"line":66,"column":3}},"line":55},"8":{"name":"(anonymous_8)","decl":{"start":{"line":68,"column":23},"end":{"line":68,"column":24}},"loc":{"start":{"line":68,"column":42},"end":{"line":68,"column":123}},"line":68},"9":{"name":"(anonymous_9)","decl":{"start":{"line":70,"column":12},"end":{"line":70,"column":13}},"loc":{"start":{"line":70,"column":18},"end":{"line":75,"column":3}},"line":70},"10":{"name":"(anonymous_10)","decl":{"start":{"line":84,"column":20},"end":{"line":84,"column":21}},"loc":{"start":{"line":85,"column":12},"end":{"line":91,"column":14}},"line":85},"11":{"name":"(anonymous_11)","decl":{"start":{"line":94,"column":25},"end":{"line":94,"column":26}},"loc":{"start":{"line":95,"column":14},"end":{"line":95,"column":81}},"line":95},"12":{"name":"(anonymous_12)","decl":{"start":{"line":97,"column":24},"end":{"line":97,"column":25}},"loc":{"start":{"line":98,"column":14},"end":{"line":98,"column":43}},"line":98},"13":{"name":"(anonymous_13)","decl":{"start":{"line":104,"column":20},"end":{"line":104,"column":21}},"loc":{"start":{"line":105,"column":12},"end":{"line":109,"column":14}},"line":105},"14":{"name":"(anonymous_14)","decl":{"start":{"line":112,"column":25},"end":{"line":112,"column":26}},"loc":{"start":{"line":113,"column":14},"end":{"line":115,"column":21}},"line":113},"15":{"name":"(anonymous_15)","decl":{"start":{"line":117,"column":24},"end":{"line":117,"column":25}},"loc":{"start":{"line":118,"column":14},"end":{"line":118,"column":45}},"line":118}},"branchMap":{"0":{"loc":{"start":{"line":24,"column":4},"end":{"line":24,"column":48}},"type":"if","locations":[{"start":{"line":24,"column":4},"end":{"line":24,"column":48}},{"start":{},"end":{}}],"line":24},"1":{"loc":{"start":{"line":39,"column":6},"end":{"line":39,"column":43}},"type":"if","locations":[{"start":{"line":39,"column":6},"end":{"line":39,"column":43}},{"start":{},"end":{}}],"line":39},"2":{"loc":{"start":{"line":49,"column":6},"end":{"line":49,"column":42}},"type":"if","locations":[{"start":{"line":49,"column":6},"end":{"line":49,"column":42}},{"start":{},"end":{}}],"line":49},"3":{"loc":{"start":{"line":59,"column":6},"end":{"line":59,"column":57}},"type":"if","locations":[{"start":{"line":59,"column":6},"end":{"line":59,"column":57}},{"start":{},"end":{}}],"line":59},"4":{"loc":{"start":{"line":68,"column":44},"end":{"line":68,"column":120}},"type":"cond-expr","locations":[{"start":{"line":68,"column":65},"end":{"line":68,"column":87}},{"start":{"line":68,"column":90},"end":{"line":68,"column":120}}],"line":68},"5":{"loc":{"start":{"line":95,"column":36},"end":{"line":95,"column":62}},"type":"cond-expr","locations":[{"start":{"line":95,"column":46},"end":{"line":95,"column":53}},{"start":{"line":95,"column":56},"end":{"line":95,"column":62}}],"line":95},"6":{"loc":{"start":{"line":113,"column":36},"end":{"line":113,"column":62}},"type":"cond-expr","locations":[{"start":{"line":113,"column":46},"end":{"line":113,"column":53}},{"start":{"line":113,"column":56},"end":{"line":113,"column":62}}],"line":113}},"s":{"0":1,"1":1,"2":4,"3":3,"4":3,"5":3,"6":1,"7":1,"8":0,"9":3,"10":0,"11":0,"12":3,"13":0,"14":3,"15":0,"16":0,"17":0,"18":0,"19":0,"20":3,"21":0,"22":0,"23":0,"24":0,"25":0,"26":3,"27":1,"28":1,"29":1,"30":1,"31":1,"32":0,"33":0,"34":1,"35":3,"36":0,"37":3,"38":1,"39":1,"40":3,"41":3,"42":3,"43":6,"44":0,"45":3,"46":6},"f":{"0":4,"1":1,"2":0,"3":0,"4":0,"5":0,"6":0,"7":1,"8":0,"9":1,"10":3,"11":3,"12":6,"13":0,"14":3,"15":6},"b":{"0":[0,1],"1":[0,0],"2":[0,0],"3":[1,0],"4":[0,0],"5":[3,0],"6":[0,3]},"_coverageSchema":"1a1c01bbd47fc00a2c39e90264f33305004495a9","hash":"1e654f71d3fffaa06738fb21fe4b25ca179bdcd6"}
,"C:\\Users\\SBNTOP\\Downloads\\backdrop_test\\components\\BottomIcons.tsx": {"path":"C:\\Users\\SBNTOP\\Downloads\\backdrop_test\\components\\BottomIcons.tsx","statementMap":{"0":{"start":{"line":4,"column":23},"end":{"line":14,"column":1}},"1":{"start":{"line":5,"column":4},"end":{"line":13,"column":5}},"2":{"start":{"line":15,"column":25},"end":{"line":25,"column":1}},"3":{"start":{"line":16,"column":4},"end":{"line":24,"column":5}}},"fnMap":{"0":{"name":"(anonymous_0)","decl":{"start":{"line":4,"column":23},"end":{"line":4,"column":24}},"loc":{"start":{"line":4,"column":62},"end":{"line":14,"column":1}},"line":4},"1":{"name":"(anonymous_1)","decl":{"start":{"line":15,"column":25},"end":{"line":15,"column":26}},"loc":{"start":{"line":15,"column":64},"end":{"line":25,"column":1}},"line":15}},"branchMap":{"0":{"loc":{"start":{"line":10,"column":25},"end":{"line":10,"column":46}},"type":"cond-expr","locations":[{"start":{"line":10,"column":35},"end":{"line":10,"column":38}},{"start":{"line":10,"column":41},"end":{"line":10,"column":46}}],"line":10},"1":{"loc":{"start":{"line":21,"column":25},"end":{"line":21,"column":46}},"type":"cond-expr","locations":[{"start":{"line":21,"column":35},"end":{"line":21,"column":38}},{"start":{"line":21,"column":41},"end":{"line":21,"column":46}}],"line":21}},"s":{"0":1,"1":6,"2":1,"3":6},"f":{"0":6,"1":6},"b":{"0":[3,3],"1":[3,3]},"_coverageSchema":"1a1c01bbd47fc00a2c39e90264f33305004495a9","hash":"b169adc06b5d5232ce2a95ec983cac44deec4281"}
,"C:\\Users\\SBNTOP\\Downloads\\backdrop_test\\components\\FavoriteIcon.tsx": {"path":"C:\\Users\\SBNTOP\\Downloads\\backdrop_test\\components\\FavoriteIcon.tsx","statementMap":{"0":{"start":{"line":4,"column":28},"end":{"line":27,"column":1}},"1":{"start":{"line":5,"column":4},"end":{"line":26,"column":5}}},"fnMap":{"0":{"name":"(anonymous_0)","decl":{"start":{"line":4,"column":28},"end":{"line":4,"column":29}},"loc":{"start":{"line":4,"column":62},"end":{"line":27,"column":1}},"line":4}},"branchMap":{"0":{"loc":{"start":{"line":5,"column":11},"end":{"line":26,"column":5}},"type":"cond-expr","locations":[{"start":{"line":6,"column":8},"end":{"line":15,"column":14}},{"start":{"line":17,"column":8},"end":{"line":25,"column":14}}],"line":5}},"s":{"0":4,"1":5},"f":{"0":5},"b":{"0":[5,0]},"_coverageSchema":"1a1c01bbd47fc00a2c39e90264f33305004495a9","hash":"6412da0dc6f33ace2c3049db2f4e49466f146eec"}
,"C:\\Users\\SBNTOP\\Downloads\\backdrop_test\\components\\ListItem.tsx": {"path":"C:\\Users\\SBNTOP\\Downloads\\backdrop_test\\components\\ListItem.tsx","statementMap":{"0":{"start":{"line":10,"column":17},"end":{"line":25,"column":1}},"1":{"start":{"line":11,"column":2},"end":{"line":24,"column":9}},"2":{"start":{"line":27,"column":15},"end":{"line":42,"column":2}}},"fnMap":{"0":{"name":"(anonymous_0)","decl":{"start":{"line":10,"column":17},"end":{"line":10,"column":18}},"loc":{"start":{"line":11,"column":2},"end":{"line":24,"column":9}},"line":11}},"branchMap":{"0":{"loc":{"start":{"line":22,"column":7},"end":{"line":22,"column":58}},"type":"cond-expr","locations":[{"start":{"line":22,"column":18},"end":{"line":22,"column":39}},{"start":{"line":22,"column":42},"end":{"line":22,"column":58}}],"line":22}},"s":{"0":3,"1":1,"2":3},"f":{"0":1},"b":{"0":[1,0]},"_coverageSchema":"1a1c01bbd47fc00a2c39e90264f33305004495a9","hash":"89d60b49815b025e36c55625047b190d77f55f96"}
,"C:\\Users\\SBNTOP\\Downloads\\backdrop_test\\components\\Status.tsx": {"path":"C:\\Users\\SBNTOP\\Downloads\\backdrop_test\\components\\Status.tsx","statementMap":{"0":{"start":{"line":5,"column":21},"end":{"line":5,"column":52}},"1":{"start":{"line":6,"column":21},"end":{"line":6,"column":52}},"2":{"start":{"line":7,"column":21},"end":{"line":7,"column":48}},"3":{"start":{"line":9,"column":22},"end":{"line":15,"column":1}},"4":{"start":{"line":10,"column":4},"end":{"line":14,"column":5}},"5":{"start":{"line":17,"column":22},"end":{"line":24,"column":2}}},"fnMap":{"0":{"name":"(anonymous_0)","decl":{"start":{"line":9,"column":22},"end":{"line":9,"column":23}},"loc":{"start":{"line":9,"column":71},"end":{"line":15,"column":1}},"line":9}},"branchMap":{},"s":{"0":3,"1":3,"2":3,"3":3,"4":5,"5":3},"f":{"0":5},"b":{},"_coverageSchema":"1a1c01bbd47fc00a2c39e90264f33305004495a9","hash":"ec47112f935ae24ad0c315a31faa1d26fe47a62b"}
,"C:\\Users\\SBNTOP\\Downloads\\backdrop_test\\misc\\apiAndStorage.ts": {"path":"C:\\Users\\SBNTOP\\Downloads\\backdrop_test\\misc\\apiAndStorage.ts","statementMap":{"0":{"start":{"line":4,"column":24},"end":{"line":13,"column":1}},"1":{"start":{"line":5,"column":2},"end":{"line":12,"column":3}},"2":{"start":{"line":6,"column":14},"end":{"line":6,"column":34}},"3":{"start":{"line":7,"column":19},"end":{"line":7,"column":58}},"4":{"start":{"line":8,"column":4},"end":{"line":8,"column":45}},"5":{"start":{"line":8,"column":18},"end":{"line":8,"column":45}},"6":{"start":{"line":9,"column":4},"end":{"line":9,"column":14}},"7":{"start":{"line":11,"column":4},"end":{"line":11,"column":14}},"8":{"start":{"line":15,"column":27},"end":{"line":15,"column":113}},"9":{"start":{"line":15,"column":53},"end":{"line":15,"column":113}},"10":{"start":{"line":17,"column":26},"end":{"line":26,"column":1}},"11":{"start":{"line":18,"column":2},"end":{"line":25,"column":3}},"12":{"start":{"line":19,"column":4},"end":{"line":19,"column":30}},"13":{"start":{"line":19,"column":23},"end":{"line":19,"column":30}},"14":{"start":{"line":20,"column":18},"end":{"line":20,"column":57}},"15":{"start":{"line":20,"column":45},"end":{"line":20,"column":56}},"16":{"start":{"line":21,"column":4},"end":{"line":21,"column":32}},"17":{"start":{"line":22,"column":4},"end":{"line":22,"column":19}},"18":{"start":{"line":28,"column":23},"end":{"line":37,"column":1}},"19":{"start":{"line":29,"column":2},"end":{"line":36,"column":3}},"20":{"start":{"line":30,"column":19},"end":{"line":30,"column":69}},"21":{"start":{"line":31,"column":17},"end":{"line":31,"column":38}},"22":{"start":{"line":32,"column":4},"end":{"line":32,"column":27}},"23":{"start":{"line":34,"column":4},"end":{"line":34,"column":19}},"24":{"start":{"line":35,"column":4},"end":{"line":35,"column":14}},"25":{"start":{"line":39,"column":23},"end":{"line":49,"column":1}},"26":{"start":{"line":41,"column":2},"end":{"line":48,"column":3}},"27":{"start":{"line":42,"column":4},"end":{"line":42,"column":34}},"28":{"start":{"line":42,"column":27},"end":{"line":42,"column":34}},"29":{"start":{"line":43,"column":21},"end":{"line":43,"column":41}},"30":{"start":{"line":44,"column":4},"end":{"line":44,"column":33}},"31":{"start":{"line":45,"column":4},"end":{"line":45,"column":19}}},"fnMap":{"0":{"name":"(anonymous_0)","decl":{"start":{"line":4,"column":24},"end":{"line":4,"column":25}},"loc":{"start":{"line":4,"column":36},"end":{"line":13,"column":1}},"line":4},"1":{"name":"(anonymous_1)","decl":{"start":{"line":15,"column":27},"end":{"line":15,"column":28}},"loc":{"start":{"line":15,"column":53},"end":{"line":15,"column":113}},"line":15},"2":{"name":"(anonymous_2)","decl":{"start":{"line":17,"column":26},"end":{"line":17,"column":27}},"loc":{"start":{"line":17,"column":100},"end":{"line":26,"column":1}},"line":17},"3":{"name":"(anonymous_3)","decl":{"start":{"line":20,"column":40},"end":{"line":20,"column":41}},"loc":{"start":{"line":20,"column":45},"end":{"line":20,"column":56}},"line":20},"4":{"name":"(anonymous_4)","decl":{"start":{"line":28,"column":23},"end":{"line":28,"column":24}},"loc":{"start":{"line":28,"column":35},"end":{"line":37,"column":1}},"line":28},"5":{"name":"(anonymous_5)","decl":{"start":{"line":39,"column":23},"end":{"line":39,"column":24}},"loc":{"start":{"line":39,"column":100},"end":{"line":49,"column":1}},"line":39}},"branchMap":{"0":{"loc":{"start":{"line":8,"column":4},"end":{"line":8,"column":45}},"type":"if","locations":[{"start":{"line":8,"column":4},"end":{"line":8,"column":45}},{"start":{},"end":{}}],"line":8},"1":{"loc":{"start":{"line":19,"column":4},"end":{"line":19,"column":30}},"type":"if","locations":[{"start":{"line":19,"column":4},"end":{"line":19,"column":30}},{"start":{},"end":{}}],"line":19},"2":{"loc":{"start":{"line":42,"column":4},"end":{"line":42,"column":34}},"type":"if","locations":[{"start":{"line":42,"column":4},"end":{"line":42,"column":34}},{"start":{},"end":{}}],"line":42}},"s":{"0":1,"1":1,"2":1,"3":1,"4":1,"5":0,"6":1,"7":0,"8":1,"9":0,"10":1,"11":0,"12":0,"13":0,"14":0,"15":0,"16":0,"17":0,"18":1,"19":1,"20":1,"21":0,"22":0,"23":1,"24":1,"25":1,"26":0,"27":0,"28":0,"29":0,"30":0,"31":0},"f":{"0":1,"1":0,"2":0,"3":0,"4":1,"5":0},"b":{"0":[0,1],"1":[0,0],"2":[0,0]},"_coverageSchema":"1a1c01bbd47fc00a2c39e90264f33305004495a9","hash":"704dadf791ae3866b02c53bc8ad871c0052886ef"}
,"C:\\Users\\SBNTOP\\Downloads\\backdrop_test\\misc\\functions.ts": {"path":"C:\\Users\\SBNTOP\\Downloads\\backdrop_test\\misc\\functions.ts","statementMap":{"0":{"start":{"line":3,"column":26},"end":{"line":12,"column":1}},"1":{"start":{"line":4,"column":36},"end":{"line":4,"column":38}},"2":{"start":{"line":5,"column":4},"end":{"line":10,"column":6}},"3":{"start":{"line":5,"column":22},"end":{"line":9,"column":10}},"4":{"start":{"line":11,"column":4},"end":{"line":11,"column":24}},"5":{"start":{"line":14,"column":26},"end":{"line":14,"column":57}}},"fnMap":{"0":{"name":"(anonymous_0)","decl":{"start":{"line":3,"column":26},"end":{"line":3,"column":27}},"loc":{"start":{"line":3,"column":55},"end":{"line":12,"column":1}},"line":3},"1":{"name":"(anonymous_1)","decl":{"start":{"line":5,"column":14},"end":{"line":5,"column":15}},"loc":{"start":{"line":5,"column":22},"end":{"line":9,"column":10}},"line":5}},"branchMap":{},"s":{"0":3,"1":1,"2":1,"3":4,"4":1,"5":3},"f":{"0":1,"1":4},"b":{},"_coverageSchema":"1a1c01bbd47fc00a2c39e90264f33305004495a9","hash":"261885edf0a1b325ab699ae1dfd78600bf337fdf"}
,"C:\\Users\\SBNTOP\\Downloads\\backdrop_test\\src\\FavoritesScreen.tsx": {"path":"C:\\Users\\SBNTOP\\Downloads\\backdrop_test\\src\\FavoritesScreen.tsx","statementMap":{"0":{"start":{"line":12,"column":24},"end":{"line":45,"column":1}},"1":{"start":{"line":13,"column":4},"end":{"line":44,"column":6}},"2":{"start":{"line":20,"column":24},"end":{"line":38,"column":31}},"3":{"start":{"line":34,"column":51},"end":{"line":34,"column":63}},"4":{"start":{"line":47,"column":15},"end":{"line":73,"column":2}}},"fnMap":{"0":{"name":"(anonymous_0)","decl":{"start":{"line":12,"column":24},"end":{"line":12,"column":25}},"loc":{"start":{"line":12,"column":69},"end":{"line":45,"column":1}},"line":12},"1":{"name":"(anonymous_1)","decl":{"start":{"line":19,"column":34},"end":{"line":19,"column":35}},"loc":{"start":{"line":20,"column":24},"end":{"line":38,"column":31}},"line":20},"2":{"name":"(anonymous_2)","decl":{"start":{"line":34,"column":45},"end":{"line":34,"column":46}},"loc":{"start":{"line":34,"column":51},"end":{"line":34,"column":63}},"line":34}},"branchMap":{"0":{"loc":{"start":{"line":18,"column":17},"end":{"line":41,"column":29}},"type":"cond-expr","locations":[{"start":{"line":19,"column":20},"end":{"line":39,"column":22}},{"start":{"line":39,"column":25},"end":{"line":41,"column":29}}],"line":18},"1":{"loc":{"start":{"line":35,"column":37},"end":{"line":35,"column":96}},"type":"cond-expr","locations":[{"start":{"line":35,"column":56},"end":{"line":35,"column":77}},{"start":{"line":35,"column":80},"end":{"line":35,"column":96}}],"line":35}},"s":{"0":2,"1":3,"2":4,"3":0,"4":2},"f":{"0":3,"1":4,"2":0},"b":{"0":[1,2],"1":[4,0]},"_coverageSchema":"1a1c01bbd47fc00a2c39e90264f33305004495a9","hash":"039651f91ba2ba7076dff6c6acdba6ec7ccaab31"}
,"C:\\Users\\SBNTOP\\Downloads\\backdrop_test\\src\\HomeScreen.tsx": {"path":"C:\\Users\\SBNTOP\\Downloads\\backdrop_test\\src\\HomeScreen.tsx","statementMap":{"0":{"start":{"line":14,"column":26},"end":{"line":47,"column":1}},"1":{"start":{"line":16,"column":23},"end":{"line":22,"column":5}},"2":{"start":{"line":17,"column":8},"end":{"line":21,"column":10}},"3":{"start":{"line":19,"column":27},"end":{"line":19,"column":40}},"4":{"start":{"line":24,"column":4},"end":{"line":46,"column":6}},"5":{"start":{"line":29,"column":36},"end":{"line":29,"column":52}},"6":{"start":{"line":30,"column":38},"end":{"line":30,"column":56}},"7":{"start":{"line":32,"column":20},"end":{"line":36,"column":21}},"8":{"start":{"line":32,"column":33},"end":{"line":36,"column":21}},"9":{"start":{"line":38,"column":20},"end":{"line":40,"column":30}},"10":{"start":{"line":38,"column":31},"end":{"line":40,"column":30}},"11":{"start":{"line":42,"column":20},"end":{"line":42,"column":33}},"12":{"start":{"line":49,"column":15},"end":{"line":56,"column":2}}},"fnMap":{"0":{"name":"(anonymous_0)","decl":{"start":{"line":14,"column":26},"end":{"line":14,"column":27}},"loc":{"start":{"line":14,"column":93},"end":{"line":47,"column":1}},"line":14},"1":{"name":"(anonymous_1)","decl":{"start":{"line":16,"column":23},"end":{"line":16,"column":24}},"loc":{"start":{"line":17,"column":8},"end":{"line":21,"column":10}},"line":17},"2":{"name":"(anonymous_2)","decl":{"start":{"line":19,"column":21},"end":{"line":19,"column":22}},"loc":{"start":{"line":19,"column":27},"end":{"line":19,"column":40}},"line":19},"3":{"name":"(anonymous_3)","decl":{"start":{"line":29,"column":28},"end":{"line":29,"column":29}},"loc":{"start":{"line":29,"column":36},"end":{"line":29,"column":52}},"line":29},"4":{"name":"(anonymous_4)","decl":{"start":{"line":30,"column":30},"end":{"line":30,"column":31}},"loc":{"start":{"line":30,"column":38},"end":{"line":30,"column":56}},"line":30},"5":{"name":"(anonymous_5)","decl":{"start":{"line":31,"column":36},"end":{"line":31,"column":37}},"loc":{"start":{"line":31,"column":42},"end":{"line":43,"column":17}},"line":31}},"branchMap":{"0":{"loc":{"start":{"line":32,"column":20},"end":{"line":36,"column":21}},"type":"if","locations":[{"start":{"line":32,"column":20},"end":{"line":36,"column":21}},{"start":{},"end":{}}],"line":32},"1":{"loc":{"start":{"line":38,"column":20},"end":{"line":40,"column":30}},"type":"if","locations":[{"start":{"line":38,"column":20},"end":{"line":40,"column":30}},{"start":{},"end":{}}],"line":38}},"s":{"0":2,"1":4,"2":0,"3":0,"4":4,"5":0,"6":0,"7":4,"8":2,"9":2,"10":1,"11":1,"12":2},"f":{"0":4,"1":0,"2":0,"3":0,"4":0,"5":4},"b":{"0":[2,2],"1":[1,1]},"_coverageSchema":"1a1c01bbd47fc00a2c39e90264f33305004495a9","hash":"239e6fb227203b345a824ef7b3cc9d4c1711827e"}
}
