TN:
SF:App.tsx
FN:17,(anonymous_0)
FN:22,(anonymous_1)
FN:28,(anonymous_2)
FN:29,(anonymous_3)
FN:32,(anonymous_4)
FN:36,(anonymous_5)
FN:45,(anonymous_6)
FN:55,(anonymous_7)
FN:68,(anonymous_8)
FN:70,(anonymous_9)
FN:84,(anonymous_10)
FN:94,(anonymous_11)
FN:97,(anonymous_12)
FN:104,(anonymous_13)
FN:112,(anonymous_14)
FN:117,(anonymous_15)
FNF:16
FNH:9
FNDA:4,(anonymous_0)
FNDA:1,(anonymous_1)
FNDA:0,(anonymous_2)
FNDA:0,(anonymous_3)
FNDA:0,(anonymous_4)
FNDA:0,(anonymous_5)
FNDA:0,(anonymous_6)
FNDA:1,(anonymous_7)
FNDA:0,(anonymous_8)
FNDA:1,(anonymous_9)
FNDA:3,(anonymous_10)
FNDA:3,(anonymous_11)
FNDA:6,(anonymous_12)
FNDA:0,(anonymous_13)
FNDA:3,(anonymous_14)
FNDA:6,(anonymous_15)
DA:15,1
DA:17,1
DA:18,4
DA:19,3
DA:20,3
DA:22,3
DA:23,1
DA:24,1
DA:28,3
DA:29,0
DA:32,3
DA:33,0
DA:36,3
DA:37,0
DA:38,0
DA:39,0
DA:41,0
DA:45,3
DA:47,0
DA:48,0
DA:49,0
DA:51,0
DA:55,3
DA:56,1
DA:57,1
DA:58,1
DA:59,1
DA:60,0
DA:61,0
DA:63,1
DA:68,3
DA:70,3
DA:71,1
DA:72,1
DA:79,3
DA:85,3
DA:95,3
DA:98,6
DA:105,0
DA:113,3
DA:118,6
LF:41
LH:28
BRDA:24,0,0,0
BRDA:24,0,1,1
BRDA:39,1,0,0
BRDA:39,1,1,0
BRDA:49,2,0,0
BRDA:49,2,1,0
BRDA:59,3,0,1
BRDA:59,3,1,0
BRDA:68,4,0,0
BRDA:68,4,1,0
BRDA:95,5,0,3
BRDA:95,5,1,0
BRDA:113,6,0,0
BRDA:113,6,1,3
BRF:14
BRH:4
end_of_record
TN:
SF:components\BottomIcons.tsx
FN:4,(anonymous_0)
FN:15,(anonymous_1)
FNF:2
FNH:2
FNDA:6,(anonymous_0)
FNDA:6,(anonymous_1)
DA:4,1
DA:5,6
DA:15,1
DA:16,6
LF:4
LH:4
BRDA:10,0,0,3
BRDA:10,0,1,3
BRDA:21,1,0,3
BRDA:21,1,1,3
BRF:4
BRH:4
end_of_record
TN:
SF:components\FavoriteIcon.tsx
FN:4,(anonymous_0)
FNF:1
FNH:1
FNDA:5,(anonymous_0)
DA:4,4
DA:5,5
LF:2
LH:2
BRDA:5,0,0,5
BRDA:5,0,1,0
BRF:2
BRH:1
end_of_record
TN:
SF:components\ListItem.tsx
FN:10,(anonymous_0)
FNF:1
FNH:1
FNDA:1,(anonymous_0)
DA:10,3
DA:11,1
DA:27,3
LF:3
LH:3
BRDA:22,0,0,1
BRDA:22,0,1,0
BRF:2
BRH:1
end_of_record
TN:
SF:components\Status.tsx
FN:9,(anonymous_0)
FNF:1
FNH:1
FNDA:5,(anonymous_0)
DA:5,3
DA:6,3
DA:7,3
DA:9,3
DA:10,5
DA:17,3
LF:6
LH:6
BRF:0
BRH:0
end_of_record
TN:
SF:misc\apiAndStorage.ts
FN:4,(anonymous_0)
FN:15,(anonymous_1)
FN:17,(anonymous_2)
FN:20,(anonymous_3)
FN:28,(anonymous_4)
FN:39,(anonymous_5)
FNF:6
FNH:2
FNDA:1,(anonymous_0)
FNDA:0,(anonymous_1)
FNDA:0,(anonymous_2)
FNDA:0,(anonymous_3)
FNDA:1,(anonymous_4)
FNDA:0,(anonymous_5)
DA:4,1
DA:5,1
DA:6,1
DA:7,1
DA:8,1
DA:9,1
DA:11,0
DA:15,1
DA:17,1
DA:18,0
DA:19,0
DA:20,0
DA:21,0
DA:22,0
DA:28,1
DA:29,1
DA:30,1
DA:31,0
DA:32,0
DA:34,1
DA:35,1
DA:39,1
DA:41,0
DA:42,0
DA:43,0
DA:44,0
DA:45,0
LF:27
LH:14
BRDA:8,0,0,0
BRDA:8,0,1,1
BRDA:19,1,0,0
BRDA:19,1,1,0
BRDA:42,2,0,0
BRDA:42,2,1,0
BRF:6
BRH:1
end_of_record
TN:
SF:misc\functions.ts
FN:3,(anonymous_0)
FN:5,(anonymous_1)
FNF:2
FNH:2
FNDA:1,(anonymous_0)
FNDA:4,(anonymous_1)
DA:3,3
DA:4,1
DA:5,4
DA:11,1
DA:14,3
LF:5
LH:5
BRF:0
BRH:0
end_of_record
TN:
SF:src\FavoritesScreen.tsx
FN:12,(anonymous_0)
FN:19,(anonymous_1)
FN:34,(anonymous_2)
FNF:3
FNH:2
FNDA:3,(anonymous_0)
FNDA:4,(anonymous_1)
FNDA:0,(anonymous_2)
DA:12,2
DA:13,3
DA:20,4
DA:34,0
DA:47,2
LF:5
LH:4
BRDA:18,0,0,1
BRDA:18,0,1,2
BRDA:35,1,0,4
BRDA:35,1,1,0
BRF:4
BRH:3
end_of_record
TN:
SF:src\HomeScreen.tsx
FN:14,(anonymous_0)
FN:16,(anonymous_1)
FN:19,(anonymous_2)
FN:29,(anonymous_3)
FN:30,(anonymous_4)
FN:31,(anonymous_5)
FNF:6
FNH:2
FNDA:4,(anonymous_0)
FNDA:0,(anonymous_1)
FNDA:0,(anonymous_2)
FNDA:0,(anonymous_3)
FNDA:0,(anonymous_4)
FNDA:4,(anonymous_5)
DA:14,2
DA:16,4
DA:17,0
DA:19,0
DA:24,4
DA:29,0
DA:30,0
DA:32,4
DA:38,2
DA:42,1
DA:49,2
LF:11
LH:7
BRDA:32,0,0,2
BRDA:32,0,1,2
BRDA:38,1,0,1
BRDA:38,1,1,1
BRF:4
BRH:4
end_of_record
